<?xml version="1.0" encoding="UTF-8"?>
<!-- Generated by org.testng.reporters.JUnitXMLReporter -->
<testsuite ignored="0" hostname="Sumanth-Notebook-Pro" failures="0" tests="5" name="Test" time="45.936" errors="0" timestamp="2022-02-06T19:33:22 IST">
  <testcase classname="testcases.CreateLead" name="runCreateLead" time="12.453"/>
  <testcase classname="testcases.DuplicateLead" name="runDuplicateLead" time="17.081"/>
  <testcase classname="testcases.EditLead" name="runEditLead" time="15.93"/>
  <testcase classname="testcases.MergeLead" name="runMergeLead" time="16.308"/>
  <testcase classname="testcases.DeleteLead" name="runDeleteLead" time="11.148"/>
</testsuite> <!-- Test -->
